[2026-07-18T16:05:06.407+0000] {local_task_job_runner.py:123} INFO - ::group::Pre task execution logs
[2026-07-18T16:05:06.417+0000] {taskinstance.py:2614} INFO - Dependencies all met for dep_context=non-requeueable deps ti=<TaskInstance: flight_pipeline.load_postgres scheduled__2026-07-18T16:00:00+00:00 [queued]>
[2026-07-18T16:05:06.421+0000] {taskinstance.py:2614} INFO - Dependencies all met for dep_context=requeueable deps ti=<TaskInstance: flight_pipeline.load_postgres scheduled__2026-07-18T16:00:00+00:00 [queued]>
[2026-07-18T16:05:06.421+0000] {taskinstance.py:2867} INFO - Starting attempt 1 of 1
[2026-07-18T16:05:06.426+0000] {taskinstance.py:2890} INFO - Executing <Task(PythonOperator): load_postgres> on 2026-07-18 16:00:00+00:00
[2026-07-18T16:05:06.429+0000] {warnings.py:112} WARNING - /home/***/.local/lib/python3.12/site-packages/***/task/task_runner/standard_task_runner.py:70: DeprecationWarning: This process (pid=150) is multi-threaded, use of fork() may lead to deadlocks in the child.
  pid = os.fork()

[2026-07-18T16:05:06.430+0000] {standard_task_runner.py:72} INFO - Started process 151 to run task
[2026-07-18T16:05:06.431+0000] {standard_task_runner.py:104} INFO - Running: ['***', 'tasks', 'run', 'flight_pipeline', 'load_postgres', 'scheduled__2026-07-18T16:00:00+00:00', '--job-id', '14', '--raw', '--subdir', 'DAGS_FOLDER/flight_pipeline_dag.py', '--cfg-path', '/tmp/tmp51636ung']
[2026-07-18T16:05:06.432+0000] {standard_task_runner.py:105} INFO - Job 14: Subtask load_postgres
[2026-07-18T16:05:06.461+0000] {task_command.py:467} INFO - Running <TaskInstance: flight_pipeline.load_postgres scheduled__2026-07-18T16:00:00+00:00 [running]> on host 84ce6de5190b
[2026-07-18T16:05:06.590+0000] {taskinstance.py:3134} INFO - Exporting env vars: AIRFLOW_CTX_DAG_OWNER='***' AIRFLOW_CTX_DAG_ID='flight_pipeline' AIRFLOW_CTX_TASK_ID='load_postgres' AIRFLOW_CTX_EXECUTION_DATE='2026-07-18T16:00:00+00:00' AIRFLOW_CTX_TRY_NUMBER='1' AIRFLOW_CTX_DAG_RUN_ID='scheduled__2026-07-18T16:00:00+00:00'
[2026-07-18T16:05:06.591+0000] {taskinstance.py:732} INFO - ::endgroup::
[2026-07-18T16:05:06.641+0000] {load_postgres.py:21} INFO - Gold data loaded into PostgreSQL.
[2026-07-18T16:05:06.642+0000] {python.py:240} INFO - Done. Returned value was: None
[2026-07-18T16:05:06.648+0000] {taskinstance.py:341} INFO - ::group::Post task execution logs
[2026-07-18T16:05:06.648+0000] {taskinstance.py:353} INFO - Marking task as SUCCESS. dag_id=flight_pipeline, task_id=load_postgres, run_id=scheduled__2026-07-18T16:00:00+00:00, execution_date=20260718T160000, start_date=20260718T160506, end_date=20260718T160506
[2026-07-18T16:05:06.697+0000] {local_task_job_runner.py:266} INFO - Task exited with return code 0
[2026-07-18T16:05:06.708+0000] {taskinstance.py:3901} INFO - 0 downstream tasks scheduled from follow-on schedule check
[2026-07-18T16:05:06.709+0000] {local_task_job_runner.py:245} INFO - ::endgroup::
