[2026-07-18T16:05:01.241+0000] {local_task_job_runner.py:123} INFO - ::group::Pre task execution logs
[2026-07-18T16:05:01.251+0000] {taskinstance.py:2614} INFO - Dependencies all met for dep_context=non-requeueable deps ti=<TaskInstance: flight_pipeline.extract_flights scheduled__2026-07-18T16:00:00+00:00 [queued]>
[2026-07-18T16:05:01.254+0000] {taskinstance.py:2614} INFO - Dependencies all met for dep_context=requeueable deps ti=<TaskInstance: flight_pipeline.extract_flights scheduled__2026-07-18T16:00:00+00:00 [queued]>
[2026-07-18T16:05:01.254+0000] {taskinstance.py:2867} INFO - Starting attempt 1 of 1
[2026-07-18T16:05:01.260+0000] {taskinstance.py:2890} INFO - Executing <Task(PythonOperator): extract_flights> on 2026-07-18 16:00:00+00:00
[2026-07-18T16:05:01.264+0000] {warnings.py:112} WARNING - /home/***/.local/lib/python3.12/site-packages/***/task/task_runner/standard_task_runner.py:70: DeprecationWarning: This process (pid=125) is multi-threaded, use of fork() may lead to deadlocks in the child.
  pid = os.fork()

[2026-07-18T16:05:01.265+0000] {standard_task_runner.py:72} INFO - Started process 126 to run task
[2026-07-18T16:05:01.265+0000] {standard_task_runner.py:104} INFO - Running: ['***', 'tasks', 'run', 'flight_pipeline', 'extract_flights', 'scheduled__2026-07-18T16:00:00+00:00', '--job-id', '11', '--raw', '--subdir', 'DAGS_FOLDER/flight_pipeline_dag.py', '--cfg-path', '/tmp/tmp826sa5_f']
[2026-07-18T16:05:01.267+0000] {standard_task_runner.py:105} INFO - Job 11: Subtask extract_flights
[2026-07-18T16:05:01.296+0000] {task_command.py:467} INFO - Running <TaskInstance: flight_pipeline.extract_flights scheduled__2026-07-18T16:00:00+00:00 [running]> on host 84ce6de5190b
[2026-07-18T16:05:01.533+0000] {taskinstance.py:3134} INFO - Exporting env vars: AIRFLOW_CTX_DAG_OWNER='***' AIRFLOW_CTX_DAG_ID='flight_pipeline' AIRFLOW_CTX_TASK_ID='extract_flights' AIRFLOW_CTX_EXECUTION_DATE='2026-07-18T16:00:00+00:00' AIRFLOW_CTX_TRY_NUMBER='1' AIRFLOW_CTX_DAG_RUN_ID='scheduled__2026-07-18T16:00:00+00:00'
[2026-07-18T16:05:01.534+0000] {taskinstance.py:732} INFO - ::endgroup::
[2026-07-18T16:05:03.400+0000] {logging_mixin.py:190} INFO - Saved file: /opt/***/data/bronze/flights_20260718_160503.json
[2026-07-18T16:05:03.402+0000] {python.py:240} INFO - Done. Returned value was: /opt/***/data/bronze/flights_20260718_160503.json
[2026-07-18T16:05:03.417+0000] {taskinstance.py:341} INFO - ::group::Post task execution logs
[2026-07-18T16:05:03.417+0000] {taskinstance.py:353} INFO - Marking task as SUCCESS. dag_id=flight_pipeline, task_id=extract_flights, run_id=scheduled__2026-07-18T16:00:00+00:00, execution_date=20260718T160000, start_date=20260718T160501, end_date=20260718T160503
[2026-07-18T16:05:03.461+0000] {local_task_job_runner.py:266} INFO - Task exited with return code 0
[2026-07-18T16:05:03.479+0000] {taskinstance.py:3901} INFO - 1 downstream tasks scheduled from follow-on schedule check
[2026-07-18T16:05:03.480+0000] {local_task_job_runner.py:245} INFO - ::endgroup::
