[2026-07-18T15:44:42.109+0000] {local_task_job_runner.py:123} INFO - ::group::Pre task execution logs
[2026-07-18T15:44:42.121+0000] {taskinstance.py:2614} INFO - Dependencies all met for dep_context=non-requeueable deps ti=<TaskInstance: flight_pipeline.extract_flights manual__2026-07-18T15:44:41.154217+00:00 [queued]>
[2026-07-18T15:44:42.125+0000] {taskinstance.py:2614} INFO - Dependencies all met for dep_context=requeueable deps ti=<TaskInstance: flight_pipeline.extract_flights manual__2026-07-18T15:44:41.154217+00:00 [queued]>
[2026-07-18T15:44:42.126+0000] {taskinstance.py:2867} INFO - Starting attempt 1 of 1
[2026-07-18T15:44:42.132+0000] {taskinstance.py:2890} INFO - Executing <Task(PythonOperator): extract_flights> on 2026-07-18 15:44:41.154217+00:00
[2026-07-18T15:44:42.138+0000] {warnings.py:112} WARNING - /home/***/.local/lib/python3.12/site-packages/***/task/task_runner/standard_task_runner.py:70: DeprecationWarning: This process (pid=125) is multi-threaded, use of fork() may lead to deadlocks in the child.
  pid = os.fork()

[2026-07-18T15:44:42.139+0000] {standard_task_runner.py:72} INFO - Started process 126 to run task
[2026-07-18T15:44:42.139+0000] {standard_task_runner.py:104} INFO - Running: ['***', 'tasks', 'run', 'flight_pipeline', 'extract_flights', 'manual__2026-07-18T15:44:41.154217+00:00', '--job-id', '11', '--raw', '--subdir', 'DAGS_FOLDER/flight_pipeline_dag.py', '--cfg-path', '/tmp/tmpwqs6jydh']
[2026-07-18T15:44:42.141+0000] {standard_task_runner.py:105} INFO - Job 11: Subtask extract_flights
[2026-07-18T15:44:42.169+0000] {task_command.py:467} INFO - Running <TaskInstance: flight_pipeline.extract_flights manual__2026-07-18T15:44:41.154217+00:00 [running]> on host 972dbb4d320f
[2026-07-18T15:44:42.400+0000] {taskinstance.py:3134} INFO - Exporting env vars: AIRFLOW_CTX_DAG_OWNER='***' AIRFLOW_CTX_DAG_ID='flight_pipeline' AIRFLOW_CTX_TASK_ID='extract_flights' AIRFLOW_CTX_EXECUTION_DATE='2026-07-18T15:44:41.154217+00:00' AIRFLOW_CTX_TRY_NUMBER='1' AIRFLOW_CTX_DAG_RUN_ID='manual__2026-07-18T15:44:41.154217+00:00'
[2026-07-18T15:44:42.400+0000] {taskinstance.py:732} INFO - ::endgroup::
[2026-07-18T15:44:44.383+0000] {logging_mixin.py:190} INFO - Saved file: /opt/***/data/bronze/flights_20260718_154444.json
[2026-07-18T15:44:44.385+0000] {python.py:240} INFO - Done. Returned value was: /opt/***/data/bronze/flights_20260718_154444.json
[2026-07-18T15:44:44.402+0000] {taskinstance.py:341} INFO - ::group::Post task execution logs
[2026-07-18T15:44:44.402+0000] {taskinstance.py:353} INFO - Marking task as SUCCESS. dag_id=flight_pipeline, task_id=extract_flights, run_id=manual__2026-07-18T15:44:41.154217+00:00, execution_date=20260718T154441, start_date=20260718T154442, end_date=20260718T154444
[2026-07-18T15:44:44.446+0000] {local_task_job_runner.py:266} INFO - Task exited with return code 0
[2026-07-18T15:44:44.470+0000] {taskinstance.py:3901} INFO - 1 downstream tasks scheduled from follow-on schedule check
[2026-07-18T15:44:44.472+0000] {local_task_job_runner.py:245} INFO - ::endgroup::
