[2026-07-18T15:40:00.694+0000] {local_task_job_runner.py:123} INFO - ::group::Pre task execution logs
[2026-07-18T15:40:00.704+0000] {taskinstance.py:2614} INFO - Dependencies all met for dep_context=non-requeueable deps ti=<TaskInstance: flight_pipeline.extract_flights scheduled__2026-07-18T15:35:00+00:00 [queued]>
[2026-07-18T15:40:00.707+0000] {taskinstance.py:2614} INFO - Dependencies all met for dep_context=requeueable deps ti=<TaskInstance: flight_pipeline.extract_flights scheduled__2026-07-18T15:35:00+00:00 [queued]>
[2026-07-18T15:40:00.708+0000] {taskinstance.py:2867} INFO - Starting attempt 1 of 1
[2026-07-18T15:40:00.713+0000] {taskinstance.py:2890} INFO - Executing <Task(PythonOperator): extract_flights> on 2026-07-18 15:35:00+00:00
[2026-07-18T15:40:00.716+0000] {warnings.py:112} WARNING - /home/***/.local/lib/python3.12/site-packages/***/task/task_runner/standard_task_runner.py:70: DeprecationWarning: This process (pid=89) is multi-threaded, use of fork() may lead to deadlocks in the child.
  pid = os.fork()

[2026-07-18T15:40:00.719+0000] {standard_task_runner.py:72} INFO - Started process 90 to run task
[2026-07-18T15:40:00.720+0000] {standard_task_runner.py:104} INFO - Running: ['***', 'tasks', 'run', 'flight_pipeline', 'extract_flights', 'scheduled__2026-07-18T15:35:00+00:00', '--job-id', '7', '--raw', '--subdir', 'DAGS_FOLDER/flight_pipeline_dag.py', '--cfg-path', '/tmp/tmp345wbs8b']
[2026-07-18T15:40:00.725+0000] {standard_task_runner.py:105} INFO - Job 7: Subtask extract_flights
[2026-07-18T15:40:00.763+0000] {task_command.py:467} INFO - Running <TaskInstance: flight_pipeline.extract_flights scheduled__2026-07-18T15:35:00+00:00 [running]> on host 972dbb4d320f
[2026-07-18T15:40:00.985+0000] {taskinstance.py:3134} INFO - Exporting env vars: AIRFLOW_CTX_DAG_OWNER='***' AIRFLOW_CTX_DAG_ID='flight_pipeline' AIRFLOW_CTX_TASK_ID='extract_flights' AIRFLOW_CTX_EXECUTION_DATE='2026-07-18T15:35:00+00:00' AIRFLOW_CTX_TRY_NUMBER='1' AIRFLOW_CTX_DAG_RUN_ID='scheduled__2026-07-18T15:35:00+00:00'
[2026-07-18T15:40:00.986+0000] {taskinstance.py:732} INFO - ::endgroup::
[2026-07-18T15:40:02.876+0000] {logging_mixin.py:190} INFO - Saved file: /opt/***/data/bronze/flights_20260718_154002.json
[2026-07-18T15:40:02.879+0000] {python.py:240} INFO - Done. Returned value was: /opt/***/data/bronze/flights_20260718_154002.json
[2026-07-18T15:40:02.896+0000] {taskinstance.py:341} INFO - ::group::Post task execution logs
[2026-07-18T15:40:02.897+0000] {taskinstance.py:353} INFO - Marking task as SUCCESS. dag_id=flight_pipeline, task_id=extract_flights, run_id=scheduled__2026-07-18T15:35:00+00:00, execution_date=20260718T153500, start_date=20260718T154000, end_date=20260718T154002
[2026-07-18T15:40:02.930+0000] {local_task_job_runner.py:266} INFO - Task exited with return code 0
[2026-07-18T15:40:02.947+0000] {taskinstance.py:3901} INFO - 1 downstream tasks scheduled from follow-on schedule check
[2026-07-18T15:40:02.948+0000] {local_task_job_runner.py:245} INFO - ::endgroup::
