[2026-07-18T15:35:01.321+0000] {local_task_job_runner.py:123} INFO - ::group::Pre task execution logs
[2026-07-18T15:35:01.337+0000] {taskinstance.py:2614} INFO - Dependencies all met for dep_context=non-requeueable deps ti=<TaskInstance: flight_pipeline.extract_flights scheduled__2026-07-18T15:30:00+00:00 [queued]>
[2026-07-18T15:35:01.341+0000] {taskinstance.py:2614} INFO - Dependencies all met for dep_context=requeueable deps ti=<TaskInstance: flight_pipeline.extract_flights scheduled__2026-07-18T15:30:00+00:00 [queued]>
[2026-07-18T15:35:01.341+0000] {taskinstance.py:2867} INFO - Starting attempt 1 of 1
[2026-07-18T15:35:01.347+0000] {taskinstance.py:2890} INFO - Executing <Task(PythonOperator): extract_flights> on 2026-07-18 15:30:00+00:00
[2026-07-18T15:35:01.353+0000] {warnings.py:112} WARNING - /home/***/.local/lib/python3.12/site-packages/***/task/task_runner/standard_task_runner.py:70: DeprecationWarning: This process (pid=146) is multi-threaded, use of fork() may lead to deadlocks in the child.
  pid = os.fork()

[2026-07-18T15:35:01.356+0000] {standard_task_runner.py:72} INFO - Started process 147 to run task
[2026-07-18T15:35:01.355+0000] {standard_task_runner.py:104} INFO - Running: ['***', 'tasks', 'run', 'flight_pipeline', 'extract_flights', 'scheduled__2026-07-18T15:30:00+00:00', '--job-id', '29', '--raw', '--subdir', 'DAGS_FOLDER/flight_pipeline_dag.py', '--cfg-path', '/tmp/tmpqnzmi_ab']
[2026-07-18T15:35:01.359+0000] {standard_task_runner.py:105} INFO - Job 29: Subtask extract_flights
[2026-07-18T15:35:01.420+0000] {task_command.py:467} INFO - Running <TaskInstance: flight_pipeline.extract_flights scheduled__2026-07-18T15:30:00+00:00 [running]> on host 059f20b80942
[2026-07-18T15:35:02.067+0000] {taskinstance.py:3134} INFO - Exporting env vars: AIRFLOW_CTX_DAG_OWNER='***' AIRFLOW_CTX_DAG_ID='flight_pipeline' AIRFLOW_CTX_TASK_ID='extract_flights' AIRFLOW_CTX_EXECUTION_DATE='2026-07-18T15:30:00+00:00' AIRFLOW_CTX_TRY_NUMBER='1' AIRFLOW_CTX_DAG_RUN_ID='scheduled__2026-07-18T15:30:00+00:00'
[2026-07-18T15:35:02.068+0000] {taskinstance.py:732} INFO - ::endgroup::
[2026-07-18T15:35:05.098+0000] {logging_mixin.py:190} INFO - Saved file: /opt/***/data/bronze/flights_20260718_153505.json
[2026-07-18T15:35:05.105+0000] {python.py:240} INFO - Done. Returned value was: /opt/***/data/bronze/flights_20260718_153505.json
[2026-07-18T15:35:05.156+0000] {taskinstance.py:341} INFO - ::group::Post task execution logs
[2026-07-18T15:35:05.158+0000] {taskinstance.py:353} INFO - Marking task as SUCCESS. dag_id=flight_pipeline, task_id=extract_flights, run_id=scheduled__2026-07-18T15:30:00+00:00, execution_date=20260718T153000, start_date=20260718T153501, end_date=20260718T153505
[2026-07-18T15:35:05.204+0000] {local_task_job_runner.py:266} INFO - Task exited with return code 0
[2026-07-18T15:35:05.250+0000] {taskinstance.py:3901} INFO - 1 downstream tasks scheduled from follow-on schedule check
[2026-07-18T15:35:05.251+0000] {local_task_job_runner.py:245} INFO - ::endgroup::
[2026-07-18T15:37:05.520+0000] {local_task_job_runner.py:123} INFO - ::group::Pre task execution logs
[2026-07-18T15:37:05.532+0000] {taskinstance.py:2614} INFO - Dependencies all met for dep_context=non-requeueable deps ti=<TaskInstance: flight_pipeline.extract_flights scheduled__2026-07-18T15:30:00+00:00 [queued]>
[2026-07-18T15:37:05.536+0000] {taskinstance.py:2614} INFO - Dependencies all met for dep_context=requeueable deps ti=<TaskInstance: flight_pipeline.extract_flights scheduled__2026-07-18T15:30:00+00:00 [queued]>
[2026-07-18T15:37:05.536+0000] {taskinstance.py:2867} INFO - Starting attempt 1 of 1
[2026-07-18T15:37:05.542+0000] {taskinstance.py:2890} INFO - Executing <Task(PythonOperator): extract_flights> on 2026-07-18 15:30:00+00:00
[2026-07-18T15:37:05.555+0000] {warnings.py:112} WARNING - /home/***/.local/lib/python3.12/site-packages/***/task/task_runner/standard_task_runner.py:70: DeprecationWarning: This process (pid=52) is multi-threaded, use of fork() may lead to deadlocks in the child.
  pid = os.fork()

[2026-07-18T15:37:05.557+0000] {standard_task_runner.py:72} INFO - Started process 53 to run task
[2026-07-18T15:37:05.557+0000] {standard_task_runner.py:104} INFO - Running: ['***', 'tasks', 'run', 'flight_pipeline', 'extract_flights', 'scheduled__2026-07-18T15:30:00+00:00', '--job-id', '3', '--raw', '--subdir', 'DAGS_FOLDER/flight_pipeline_dag.py', '--cfg-path', '/tmp/tmpbxdterev']
[2026-07-18T15:37:05.560+0000] {standard_task_runner.py:105} INFO - Job 3: Subtask extract_flights
[2026-07-18T15:37:05.889+0000] {task_command.py:467} INFO - Running <TaskInstance: flight_pipeline.extract_flights scheduled__2026-07-18T15:30:00+00:00 [running]> on host 972dbb4d320f
[2026-07-18T15:37:05.941+0000] {taskinstance.py:3134} INFO - Exporting env vars: AIRFLOW_CTX_DAG_OWNER='***' AIRFLOW_CTX_DAG_ID='flight_pipeline' AIRFLOW_CTX_TASK_ID='extract_flights' AIRFLOW_CTX_EXECUTION_DATE='2026-07-18T15:30:00+00:00' AIRFLOW_CTX_TRY_NUMBER='1' AIRFLOW_CTX_DAG_RUN_ID='scheduled__2026-07-18T15:30:00+00:00'
[2026-07-18T15:37:05.941+0000] {taskinstance.py:732} INFO - ::endgroup::
[2026-07-18T15:37:08.595+0000] {logging_mixin.py:190} INFO - Saved file: /opt/***/data/bronze/flights_20260718_153708.json
[2026-07-18T15:37:08.597+0000] {python.py:240} INFO - Done. Returned value was: /opt/***/data/bronze/flights_20260718_153708.json
[2026-07-18T15:37:08.612+0000] {taskinstance.py:341} INFO - ::group::Post task execution logs
[2026-07-18T15:37:08.612+0000] {taskinstance.py:353} INFO - Marking task as SUCCESS. dag_id=flight_pipeline, task_id=extract_flights, run_id=scheduled__2026-07-18T15:30:00+00:00, execution_date=20260718T153000, start_date=20260718T153705, end_date=20260718T153708
[2026-07-18T15:37:08.646+0000] {local_task_job_runner.py:266} INFO - Task exited with return code 0
[2026-07-18T15:37:08.768+0000] {taskinstance.py:3901} INFO - 1 downstream tasks scheduled from follow-on schedule check
[2026-07-18T15:37:08.769+0000] {local_task_job_runner.py:245} INFO - ::endgroup::
