[2026-07-18T16:02:19.979+0000] {local_task_job_runner.py:123} INFO - ::group::Pre task execution logs
[2026-07-18T16:02:20.000+0000] {taskinstance.py:2614} INFO - Dependencies all met for dep_context=non-requeueable deps ti=<TaskInstance: flight_pipeline.clean_flights scheduled__2026-07-18T15:55:00+00:00 [queued]>
[2026-07-18T16:02:20.008+0000] {taskinstance.py:2614} INFO - Dependencies all met for dep_context=requeueable deps ti=<TaskInstance: flight_pipeline.clean_flights scheduled__2026-07-18T15:55:00+00:00 [queued]>
[2026-07-18T16:02:20.009+0000] {taskinstance.py:2867} INFO - Starting attempt 1 of 1
[2026-07-18T16:02:20.016+0000] {taskinstance.py:2890} INFO - Executing <Task(PythonOperator): clean_flights> on 2026-07-18 15:55:00+00:00
[2026-07-18T16:02:20.022+0000] {warnings.py:112} WARNING - /home/***/.local/lib/python3.12/site-packages/***/task/task_runner/standard_task_runner.py:70: DeprecationWarning: This process (pid=57) is multi-threaded, use of fork() may lead to deadlocks in the child.
  pid = os.fork()

[2026-07-18T16:02:20.023+0000] {standard_task_runner.py:72} INFO - Started process 58 to run task
[2026-07-18T16:02:20.023+0000] {standard_task_runner.py:104} INFO - Running: ['***', 'tasks', 'run', 'flight_pipeline', 'clean_flights', 'scheduled__2026-07-18T15:55:00+00:00', '--job-id', '5', '--raw', '--subdir', 'DAGS_FOLDER/flight_pipeline_dag.py', '--cfg-path', '/tmp/tmpx8zyi8du']
[2026-07-18T16:02:20.025+0000] {standard_task_runner.py:105} INFO - Job 5: Subtask clean_flights
[2026-07-18T16:02:20.063+0000] {task_command.py:467} INFO - Running <TaskInstance: flight_pipeline.clean_flights scheduled__2026-07-18T15:55:00+00:00 [running]> on host 84ce6de5190b
[2026-07-18T16:02:20.300+0000] {taskinstance.py:3134} INFO - Exporting env vars: AIRFLOW_CTX_DAG_OWNER='***' AIRFLOW_CTX_DAG_ID='flight_pipeline' AIRFLOW_CTX_TASK_ID='clean_flights' AIRFLOW_CTX_EXECUTION_DATE='2026-07-18T15:55:00+00:00' AIRFLOW_CTX_TRY_NUMBER='1' AIRFLOW_CTX_DAG_RUN_ID='scheduled__2026-07-18T15:55:00+00:00'
[2026-07-18T16:02:20.300+0000] {taskinstance.py:732} INFO - ::endgroup::
[2026-07-18T16:02:20.313+0000] {logging_mixin.py:190} INFO - 
========== SILVER LAYER ==========
[2026-07-18T16:02:20.459+0000] {clean_flights.py:61} INFO - Silver data saved to: data/silver/flights_latest.parquet
[2026-07-18T16:02:20.488+0000] {logging_mixin.py:190} INFO -    icao24 callsign origin_country  ... squawk    spi  position_source
0  39de4f  TVF8964         France  ...   2653  False                0
1  39de4e  TVF17ZK         France  ...   6452  False                0
2  ad5612   N95897  United States  ...   None  False                0
3  a09283  XAA7642  United States  ...   7661  False                0
4  e8027e  LPE2399          Chile  ...   6164  False                0

[5 rows x 16 columns]
[2026-07-18T16:02:20.489+0000] {logging_mixin.py:190} INFO - 
Rows: 12717
[2026-07-18T16:02:20.489+0000] {logging_mixin.py:190} INFO - Columns: 16
[2026-07-18T16:02:20.490+0000] {logging_mixin.py:190} INFO - 
========== DATA TYPES ==========
[2026-07-18T16:02:20.493+0000] {logging_mixin.py:190} INFO - icao24                     object
callsign                   object
origin_country             object
time_position      datetime64[ns]
last_contact       datetime64[ns]
longitude                 float64
latitude                  float64
baro_altitude             float64
on_ground                    bool
velocity                  float64
true_track                float64
vertical_rate             float64
geo_altitude              float64
squawk                     object
spi                          bool
position_source             int64
dtype: object
[2026-07-18T16:02:20.494+0000] {logging_mixin.py:190} INFO - 
========== MISSING VALUES ==========
[2026-07-18T16:02:20.500+0000] {logging_mixin.py:190} INFO - icao24                0
callsign              0
origin_country        0
time_position         0
last_contact          0
longitude             0
latitude              0
baro_altitude      1173
on_ground             0
velocity              1
true_track            0
vertical_rate      1199
geo_altitude       1294
squawk             5275
spi                   0
position_source       0
dtype: int64
[2026-07-18T16:02:20.500+0000] {logging_mixin.py:190} INFO - 
========== DUPLICATE ROWS ==========
[2026-07-18T16:02:20.514+0000] {logging_mixin.py:190} INFO - 0
[2026-07-18T16:02:20.515+0000] {logging_mixin.py:190} INFO - 
========== NUMERIC SUMMARY ==========
[2026-07-18T16:02:20.545+0000] {logging_mixin.py:190} INFO -                        time_position  ... position_source
count                          12717  ...         12717.0
mean   2026-07-18 16:01:28.114256384  ...             0.0
min              2026-07-18 06:56:36  ...             0.0
25%              2026-07-18 16:02:07  ...             0.0
50%              2026-07-18 16:02:09  ...             0.0
75%              2026-07-18 16:02:09  ...             0.0
max              2026-07-18 16:02:10  ...             0.0
std                              NaN  ...             0.0

[8 rows x 10 columns]
[2026-07-18T16:02:20.547+0000] {python.py:240} INFO - Done. Returned value was: data/silver/flights_latest.parquet
[2026-07-18T16:02:20.574+0000] {taskinstance.py:341} INFO - ::group::Post task execution logs
[2026-07-18T16:02:20.575+0000] {taskinstance.py:353} INFO - Marking task as SUCCESS. dag_id=flight_pipeline, task_id=clean_flights, run_id=scheduled__2026-07-18T15:55:00+00:00, execution_date=20260718T155500, start_date=20260718T160220, end_date=20260718T160220
[2026-07-18T16:02:20.629+0000] {local_task_job_runner.py:266} INFO - Task exited with return code 0
[2026-07-18T16:02:20.657+0000] {taskinstance.py:3901} INFO - 1 downstream tasks scheduled from follow-on schedule check
[2026-07-18T16:02:20.658+0000] {local_task_job_runner.py:245} INFO - ::endgroup::
