[2026-07-18T16:02:17.423+0000] {local_task_job_runner.py:123} INFO - ::group::Pre task execution logs
[2026-07-18T16:02:17.435+0000] {taskinstance.py:2614} INFO - Dependencies all met for dep_context=non-requeueable deps ti=<TaskInstance: flight_pipeline.extract_flights manual__2026-07-18T16:02:15.632364+00:00 [queued]>
[2026-07-18T16:02:17.439+0000] {taskinstance.py:2614} INFO - Dependencies all met for dep_context=requeueable deps ti=<TaskInstance: flight_pipeline.extract_flights manual__2026-07-18T16:02:15.632364+00:00 [queued]>
[2026-07-18T16:02:17.440+0000] {taskinstance.py:2867} INFO - Starting attempt 1 of 1
[2026-07-18T16:02:17.445+0000] {taskinstance.py:2890} INFO - Executing <Task(PythonOperator): extract_flights> on 2026-07-18 16:02:15.632364+00:00
[2026-07-18T16:02:17.451+0000] {warnings.py:112} WARNING - /home/***/.local/lib/python3.12/site-packages/***/task/task_runner/standard_task_runner.py:70: DeprecationWarning: This process (pid=54) is multi-threaded, use of fork() may lead to deadlocks in the child.
  pid = os.fork()

[2026-07-18T16:02:17.454+0000] {standard_task_runner.py:72} INFO - Started process 55 to run task
[2026-07-18T16:02:17.454+0000] {standard_task_runner.py:104} INFO - Running: ['***', 'tasks', 'run', 'flight_pipeline', 'extract_flights', 'manual__2026-07-18T16:02:15.632364+00:00', '--job-id', '4', '--raw', '--subdir', 'DAGS_FOLDER/flight_pipeline_dag.py', '--cfg-path', '/tmp/tmpbbu_8ug4']
[2026-07-18T16:02:17.456+0000] {standard_task_runner.py:105} INFO - Job 4: Subtask extract_flights
[2026-07-18T16:02:17.527+0000] {task_command.py:467} INFO - Running <TaskInstance: flight_pipeline.extract_flights manual__2026-07-18T16:02:15.632364+00:00 [running]> on host 84ce6de5190b
[2026-07-18T16:02:17.583+0000] {taskinstance.py:3134} INFO - Exporting env vars: AIRFLOW_CTX_DAG_OWNER='***' AIRFLOW_CTX_DAG_ID='flight_pipeline' AIRFLOW_CTX_TASK_ID='extract_flights' AIRFLOW_CTX_EXECUTION_DATE='2026-07-18T16:02:15.632364+00:00' AIRFLOW_CTX_TRY_NUMBER='1' AIRFLOW_CTX_DAG_RUN_ID='manual__2026-07-18T16:02:15.632364+00:00'
[2026-07-18T16:02:17.584+0000] {taskinstance.py:732} INFO - ::endgroup::
[2026-07-18T16:02:19.456+0000] {logging_mixin.py:190} INFO - Saved file: /opt/***/data/bronze/flights_20260718_160219.json
[2026-07-18T16:02:19.463+0000] {python.py:240} INFO - Done. Returned value was: /opt/***/data/bronze/flights_20260718_160219.json
[2026-07-18T16:02:19.511+0000] {taskinstance.py:341} INFO - ::group::Post task execution logs
[2026-07-18T16:02:19.513+0000] {taskinstance.py:353} INFO - Marking task as SUCCESS. dag_id=flight_pipeline, task_id=extract_flights, run_id=manual__2026-07-18T16:02:15.632364+00:00, execution_date=20260718T160215, start_date=20260718T160217, end_date=20260718T160219
[2026-07-18T16:02:19.586+0000] {local_task_job_runner.py:266} INFO - Task exited with return code 0
[2026-07-18T16:02:19.645+0000] {taskinstance.py:3901} INFO - 1 downstream tasks scheduled from follow-on schedule check
[2026-07-18T16:02:19.648+0000] {local_task_job_runner.py:245} INFO - ::endgroup::
